Platanus version: 1.2.4
platanus assemble -o Poil -f paired_end1.fastq.trimmed paired_end2.fastq.trimmed 

K = 32, saving kmers from reads...
AVE_READ_LEN=97.5819

KMER_EXTENSION:
K=32, KMER_COVERAGE=159.938 (>= 31), COVERAGE_CUTOFF=31
K=42, KMER_COVERAGE=135.917, COVERAGE_CUTOFF=31, PROB_SPLIT=10e-inf
K=52, KMER_COVERAGE=111.895, COVERAGE_CUTOFF=31, PROB_SPLIT=10e-inf
K=62, KMER_COVERAGE=87.8741, COVERAGE_CUTOFF=31, PROB_SPLIT=10e-11.052
K=72, KMER_COVERAGE=63.8529, COVERAGE_CUTOFF=18, PROB_SPLIT=10e-10.4213
K=82, KMER_COVERAGE=39.8317, COVERAGE_CUTOFF=6, PROB_SPLIT=10e-10.2788
K=86, KMER_COVERAGE=30.2232, COVERAGE_CUTOFF=2, PROB_SPLIT=10e-10.9323
K=87, KMER_COVERAGE=27.8211, COVERAGE_CUTOFF=2, PROB_SPLIT=10e-10.3218
loading kmers...
connecting kmers...
removing branches...
BRANCH_DELETE_THRESHOLD=0.5
NUM_CUT=69
NUM_CUT=0
TOTAL_NUM_CUT=69
mapping reads on de Bruijn Graph nodes...
TOTAL_MAPPED_READS=8641870
TOTAL_UNMAPPED_READS=943781
TOTAL_SHORT_READS(<32)=41664
NUM_DELETE_NODE(reads are unmapped)=60
NUM_CUT_NODE=11
extracting reads (containing kmer used in contig assemble)...
K = 42, loading kmers from contigs...
K = 42, saving additional kmers(not found in contigs) from reads...
COVERAGE_CUTOFF = 31
loading kmers...
connecting kmers...
removing branches...
BRANCH_DELETE_THRESHOLD=0.5
NUM_CUT=11
NUM_CUT=0
TOTAL_NUM_CUT=11
mapping reads on de Bruijn Graph nodes...
TOTAL_MAPPED_READS=8588289
TOTAL_UNMAPPED_READS=935469
TOTAL_SHORT_READS(<42)=103557
NUM_DELETE_NODE(reads are unmapped)=9
NUM_CUT_NODE=7
extracting reads (containing kmer used in contig assemble)...
K = 52, loading kmers from contigs...
K = 52, saving additional kmers(not found in contigs) from reads...
COVERAGE_CUTOFF = 31
loading kmers...
connecting kmers...
removing branches...
BRANCH_DELETE_THRESHOLD=0.5
NUM_CUT=8
NUM_CUT=0
TOTAL_NUM_CUT=8
mapping reads on de Bruijn Graph nodes...
TOTAL_MAPPED_READS=8529100
TOTAL_UNMAPPED_READS=925052
TOTAL_SHORT_READS(<52)=173163
NUM_DELETE_NODE(reads are unmapped)=8
NUM_CUT_NODE=7
extracting reads (containing kmer used in contig assemble)...
K = 62, loading kmers from contigs...
K = 62, saving additional kmers(not found in contigs) from reads...
COVERAGE_CUTOFF = 31
loading kmers...
connecting kmers...
removing branches...
BRANCH_DELETE_THRESHOLD=0.5
NUM_CUT=10
NUM_CUT=0
TOTAL_NUM_CUT=10
mapping reads on de Bruijn Graph nodes...
TOTAL_MAPPED_READS=8458281
TOTAL_UNMAPPED_READS=909067
TOTAL_SHORT_READS(<62)=259967
NUM_DELETE_NODE(reads are unmapped)=5
NUM_CUT_NODE=8
extracting reads (containing kmer used in contig assemble)...
K = 72, loading kmers from contigs...
K = 72, saving additional kmers(not found in contigs) from reads...
COVERAGE_CUTOFF = 18
loading kmers...
connecting kmers...
removing branches...
BRANCH_DELETE_THRESHOLD=0.5
NUM_CUT=22
NUM_CUT=0
TOTAL_NUM_CUT=22
mapping reads on de Bruijn Graph nodes...
TOTAL_MAPPED_READS=8361077
TOTAL_UNMAPPED_READS=883644
TOTAL_SHORT_READS(<72)=382594
NUM_DELETE_NODE(reads are unmapped)=8
NUM_CUT_NODE=7
extracting reads (containing kmer used in contig assemble)...
K = 82, loading kmers from contigs...
K = 82, saving additional kmers(not found in contigs) from reads...
COVERAGE_CUTOFF = 6
loading kmers...
connecting kmers...
removing branches...
BRANCH_DELETE_THRESHOLD=0.5
NUM_CUT=74
NUM_CUT=1
NUM_CUT=0
TOTAL_NUM_CUT=75
mapping reads on de Bruijn Graph nodes...
TOTAL_MAPPED_READS=8212469
TOTAL_UNMAPPED_READS=844807
TOTAL_SHORT_READS(<82)=570039
NUM_DELETE_NODE(reads are unmapped)=20
NUM_CUT_NODE=15
extracting reads (containing kmer used in contig assemble)...
K = 86, loading kmers from contigs...
K = 86, saving additional kmers(not found in contigs) from reads...
COVERAGE_CUTOFF = 2
loading kmers...
connecting kmers...
removing branches...
BRANCH_DELETE_THRESHOLD=0.5
NUM_CUT=230
NUM_CUT=3
NUM_CUT=0
TOTAL_NUM_CUT=233
mapping reads on de Bruijn Graph nodes...
TOTAL_MAPPED_READS=8123679
TOTAL_UNMAPPED_READS=821855
TOTAL_SHORT_READS(<86)=681781
NUM_DELETE_NODE(reads are unmapped)=32
NUM_CUT_NODE=44
extracting reads (containing kmer used in contig assemble)...
K = 87, loading kmers from contigs...
K = 87, saving additional kmers(not found in contigs) from reads...
COVERAGE_CUTOFF = 2
loading kmers...
connecting kmers...
removing branches...
BRANCH_DELETE_THRESHOLD=0.5
NUM_CUT=133
NUM_CUT=2
NUM_CUT=0
TOTAL_NUM_CUT=135
LENGTH_CUTOFF = 174
COVERAGE_CUTOFF = 3
removing erroneous nodes...
NUM_REMOVED_NODES=16
NUM_REMOVED_NODES=3
NUM_REMOVED_NODES=0
TOTAL_NUM_REMOVED_NODES=19
AVE_KMER_COV_REMOVING_BUBBLE=27.7644
removing bubbles...
BUBBLE_IDENTITY_THRESHOLD=0.1
NUM_REMOVED_BUBBLES=0
TOTAL_NUM_REMOVED_BUBBLES=0
mapping reads on de Bruijn Graph nodes...
TOTAL_MAPPED_READS=8096583
TOTAL_UNMAPPED_READS=815253
TOTAL_SHORT_READS(<87)=715479
NUM_DELETE_NODE(reads are unmapped)=0
NUM_CUT_NODE=16
assemble completed!

#### PROCESS INFORMATION ####
VmPeak:          14.188 GByte
VmHWM:            4.649 GByte
