Platanus version: 1.2.4
platanus scaffold -o Poil -c Poil_contig.fa -IP1 paired_end1.fastq.trimmed paired_end2.fastq.trimmed -OP2 mate_pairs1.fastq.int_trimmed mate_pairs2.fastq.int_trimmed 

K=32, making hash table...
K=32, making hash table...
CONTIG_AVERAGE_COVERAGE = 234.756
[LIBRARY 1]
mapping reads...
TOTAL_PAIR = 4813657
MAPPED_PAIR = 4640343 (0.963995)
MAPPED_IN_DIFFERENT_CONTIGS = 128334 (0.0266604)
MAPPED_IN_SAME_CONTIG = 4512009 (0.937335)
AVERAGE_COVERAGE = 232.595
[LIBRARY 2]
mapping reads...
TOTAL_PAIR = 856011
MAPPED_PAIR = 691966 (0.808361)
MAPPED_IN_DIFFERENT_CONTIGS = 150587 (0.175917)
MAPPED_IN_SAME_CONTIG = 541379 (0.632444)
AVERAGE_COVERAGE = 39.7842
estimating insert-size...
PEAK = 245
LOWER_LIMIT (permissible range to estimate AVE_INS)= 61
UPPER_LIMIT (permissible range to estimate AVE_INS)= 429
AVE_INS = 248
SD_INS = 39
[LIBRARY 1]
AVE_INS = 248, SD_INS = 39
saving overlaps... (LEN_CUTOFF=78)
destructing mapper objects...
[LIBRARY 1]
AVE_INS = 248, SD_INS = 39
linking scaffolds (MIN_LINK = 18)
sorting links in contigID order...
estimating contig distances...
constructing scaffold graph
NUM_REMOVED_OVERLAP_CONTIGS=0 (CONTAINED_HETERO)
TOLERENCE_LEVEL_OF_CONTIG_OVERLAP = 78
linking scaffolds (MIN_LINK = 18)
sorting links in contigID order...
estimating contig distances...
constructing scaffold graph
NUM_REMOVED_BUBBLES=0 (COVERAGE_THRESHOLD)
removing bubbles... (MAX_BUBBLE_IDENTITY = 0.1)
NUM_REMOVED_BUBBLES=0
TOTAL_NUM_REMOVED_BUBBLES=0
removing erroneous edges...
NUM_SPLIT_LINK (not enough mapped pairs)=71
NUM_SPLIT_LINK (not enough mapped pairs)=0
TOTAL_SPLIT_LINK (not enough mapped pairs)=71
scaffolding...
linking scaffolds (MIN_LINK = 18)
sorting links in contigID order...
estimating contig distances...
constructing scaffold graph
NUM_REMOVED_BUBBLES=0 (COVERAGE_THRESHOLD)
removing bubbles... (MAX_BUBBLE_IDENTITY = 0.1)
NUM_REMOVED_BUBBLES=0
TOTAL_NUM_REMOVED_BUBBLES=0
NUM_SPLIT_LINK (not originate from heterozygosity)=1 (COVERAGE_THRESHOLD)
scaffolding...
linking scaffolds (MIN_LINK = 18)
sorting links in contigID order...
estimating contig distances...
constructing scaffold graph
NUM_REMOVED_OVERLAP_CONTIGS=0 (CONTAINED_HETERO)
TOLERENCE_LEVEL_OF_CONTIG_OVERLAP = 117
linking scaffolds (MIN_LINK = 18)
sorting links in contigID order...
estimating contig distances...
constructing scaffold graph
NUM_REMOVED_BUBBLES=0 (COVERAGE_THRESHOLD)
removing bubbles... (MAX_BUBBLE_IDENTITY = 0.1)
NUM_REMOVED_BUBBLES=0
TOTAL_NUM_REMOVED_BUBBLES=0
removing erroneous edges...
NUM_SPLIT_LINK (not enough mapped pairs)=17
NUM_SPLIT_LINK (not enough mapped pairs)=0
TOTAL_SPLIT_LINK (not enough mapped pairs)=17
scaffolding...
linking scaffolds (MIN_LINK = 18)
sorting links in contigID order...
estimating contig distances...
constructing scaffold graph
NUM_REMOVED_BUBBLES=0 (COVERAGE_THRESHOLD)
removing bubbles... (MAX_BUBBLE_IDENTITY = 0.1)
NUM_REMOVED_BUBBLES=0
TOTAL_NUM_REMOVED_BUBBLES=0
NUM_SPLIT_LINK (not originate from heterozygosity)=0 (COVERAGE_THRESHOLD)
scaffolding...
estimating insert-size...
PEAK = 2709
LOWER_LIMIT (permissible range to estimate AVE_INS)= 677
UPPER_LIMIT (permissible range to estimate AVE_INS)= 4741
AVE_INS = 3046
SD_INS = 884
[LIBRARY 2]
AVE_INS = 3046, SD_INS = 884
linking scaffolds (MIN_LINK = 64)
sorting links in contigID order...
estimating contig distances...
constructing scaffold graph
NUM_REMOVED_OVERLAP_CONTIGS=0 (CONTAINED_HETERO)
TOLERENCE_LEVEL_OF_CONTIG_OVERLAP = 1768
linking scaffolds (MIN_LINK = 64)
sorting links in contigID order...
estimating contig distances...
constructing scaffold graph
NUM_REMOVED_BUBBLES=0 (COVERAGE_THRESHOLD)
removing bubbles... (MAX_BUBBLE_IDENTITY = 0.1)
NUM_REMOVED_BUBBLES=0
TOTAL_NUM_REMOVED_BUBBLES=0
removing erroneous edges...
NUM_SPLIT_LINK (not enough mapped pairs)=0
TOTAL_SPLIT_LINK (not enough mapped pairs)=0
deleting edges from repeat contigs...
linking scaffolds (MIN_LINK = 64)
sorting links in contigID order...
estimating contig distances...
constructing scaffold graph
NUM_REMOVED_BUBBLES=0 (COVERAGE_THRESHOLD)
removing bubbles... (MAX_BUBBLE_IDENTITY = 0.1)
NUM_REMOVED_BUBBLES=0
TOTAL_NUM_REMOVED_BUBBLES=0
removing erroneous edges...
NUM_SPLIT_LINK (not enough mapped pairs)=0
TOTAL_SPLIT_LINK (not enough mapped pairs)=0
scaffolding...
linking scaffolds (MIN_LINK = 64)
sorting links in contigID order...
estimating contig distances...
constructing scaffold graph
NUM_REMOVED_BUBBLES=0 (COVERAGE_THRESHOLD)
removing bubbles... (MAX_BUBBLE_IDENTITY = 0.1)
NUM_REMOVED_BUBBLES=0
TOTAL_NUM_REMOVED_BUBBLES=0
NUM_SPLIT_LINK (not originate from heterozygosity)=0 (COVERAGE_THRESHOLD)
scaffolding...
linking scaffolds (MIN_LINK = 64)
sorting links in contigID order...
estimating contig distances...
constructing scaffold graph
NUM_REMOVED_OVERLAP_CONTIGS=0 (CONTAINED_HETERO)
TOLERENCE_LEVEL_OF_CONTIG_OVERLAP = 2652
linking scaffolds (MIN_LINK = 64)
sorting links in contigID order...
estimating contig distances...
constructing scaffold graph
NUM_REMOVED_BUBBLES=0 (COVERAGE_THRESHOLD)
removing bubbles... (MAX_BUBBLE_IDENTITY = 0.1)
NUM_REMOVED_BUBBLES=0
TOTAL_NUM_REMOVED_BUBBLES=0
removing erroneous edges...
NUM_SPLIT_LINK (not enough mapped pairs)=0
TOTAL_SPLIT_LINK (not enough mapped pairs)=0
deleting edges from repeat contigs...
linking scaffolds (MIN_LINK = 64)
sorting links in contigID order...
estimating contig distances...
constructing scaffold graph
NUM_REMOVED_BUBBLES=0 (COVERAGE_THRESHOLD)
removing bubbles... (MAX_BUBBLE_IDENTITY = 0.1)
NUM_REMOVED_BUBBLES=0
TOTAL_NUM_REMOVED_BUBBLES=0
removing erroneous edges...
NUM_SPLIT_LINK (not enough mapped pairs)=0
TOTAL_SPLIT_LINK (not enough mapped pairs)=0
scaffolding...
linking scaffolds (MIN_LINK = 64)
sorting links in contigID order...
estimating contig distances...
constructing scaffold graph
NUM_REMOVED_BUBBLES=0 (COVERAGE_THRESHOLD)
removing bubbles... (MAX_BUBBLE_IDENTITY = 0.1)
NUM_REMOVED_BUBBLES=0
TOTAL_NUM_REMOVED_BUBBLES=0
NUM_SPLIT_LINK (not originate from heterozygosity)=0 (COVERAGE_THRESHOLD)
scaffolding...
[LIBRARY 1]
AVE_INS = 248, SD_INS = 39
linking scaffolds (MIN_LINK = 3)
sorting links in contigID order...
estimating contig distances...
constructing scaffold graph
NUM_REMOVED_OVERLAP_CONTIGS=0 (CONTAINED_HETERO)
TOLERENCE_LEVEL_OF_CONTIG_OVERLAP = 78
linking scaffolds (MIN_LINK = 3)
sorting links in contigID order...
estimating contig distances...
constructing scaffold graph
NUM_REMOVED_BUBBLES=0 (COVERAGE_THRESHOLD)
removing bubbles... (MAX_BUBBLE_IDENTITY = 0.1)
NUM_REMOVED_BUBBLES=0
TOTAL_NUM_REMOVED_BUBBLES=0
removing erroneous edges...
NUM_SPLIT_LINK (not enough mapped pairs)=124
NUM_SPLIT_LINK (not enough mapped pairs)=0
TOTAL_SPLIT_LINK (not enough mapped pairs)=124
deleting edges from repeat contigs...
scaffolding...
linking scaffolds (MIN_LINK = 3)
sorting links in contigID order...
estimating contig distances...
constructing scaffold graph
NUM_REMOVED_BUBBLES=0 (COVERAGE_THRESHOLD)
removing bubbles... (MAX_BUBBLE_IDENTITY = 0.1)
NUM_REMOVED_BUBBLES=0
TOTAL_NUM_REMOVED_BUBBLES=0
NUM_SPLIT_LINK (not originate from heterozygosity)=0 (COVERAGE_THRESHOLD)
scaffolding...
linking scaffolds (MIN_LINK = 3)
sorting links in contigID order...
estimating contig distances...
constructing scaffold graph
NUM_REMOVED_OVERLAP_CONTIGS=0 (CONTAINED_HETERO)
TOLERENCE_LEVEL_OF_CONTIG_OVERLAP = 117
linking scaffolds (MIN_LINK = 3)
sorting links in contigID order...
estimating contig distances...
constructing scaffold graph
NUM_REMOVED_BUBBLES=0 (COVERAGE_THRESHOLD)
removing bubbles... (MAX_BUBBLE_IDENTITY = 0.1)
NUM_REMOVED_BUBBLES=0
TOTAL_NUM_REMOVED_BUBBLES=0
removing erroneous edges...
NUM_SPLIT_LINK (not enough mapped pairs)=23
NUM_SPLIT_LINK (not enough mapped pairs)=0
TOTAL_SPLIT_LINK (not enough mapped pairs)=23
deleting edges from repeat contigs...
scaffolding...
linking scaffolds (MIN_LINK = 3)
sorting links in contigID order...
estimating contig distances...
constructing scaffold graph
NUM_REMOVED_BUBBLES=0 (COVERAGE_THRESHOLD)
removing bubbles... (MAX_BUBBLE_IDENTITY = 0.1)
NUM_REMOVED_BUBBLES=0
TOTAL_NUM_REMOVED_BUBBLES=0
NUM_SPLIT_LINK (not originate from heterozygosity)=0 (COVERAGE_THRESHOLD)
scaffolding...
Library1 PHYSICAL_COVERAGE=294
SUM_SHORT_LIBRARY_PHYSICAL_COVERAGE=294
Library2 PHYSICAL_COVERAGE=561
SUM_LONG_LIBRARY_PHYSICAL_COVERAGE=561
checking erroneous scaffold using long libraries...
spliting low coverage links...
NUM_SPLIT_LINK(low coverage)= 0
[LIBRARY 2]
AVE_INS = 3046, SD_INS = 884
linking scaffolds (MIN_LINK = 3)
sorting links in contigID order...
estimating contig distances...
constructing scaffold graph
NUM_REMOVED_OVERLAP_CONTIGS=0 (CONTAINED_HETERO)
TOLERENCE_LEVEL_OF_CONTIG_OVERLAP = 1768
linking scaffolds (MIN_LINK = 3)
sorting links in contigID order...
estimating contig distances...
constructing scaffold graph
NUM_REMOVED_BUBBLES=0 (COVERAGE_THRESHOLD)
removing bubbles... (MAX_BUBBLE_IDENTITY = 0.1)
NUM_REMOVED_BUBBLES=0
TOTAL_NUM_REMOVED_BUBBLES=0
removing erroneous edges...
NUM_SPLIT_LINK (not enough mapped pairs)=0
TOTAL_SPLIT_LINK (not enough mapped pairs)=0
deleting edges from repeat contigs...
scaffolding...
linking scaffolds (MIN_LINK = 3)
sorting links in contigID order...
estimating contig distances...
constructing scaffold graph
NUM_REMOVED_BUBBLES=0 (COVERAGE_THRESHOLD)
removing bubbles... (MAX_BUBBLE_IDENTITY = 0.1)
NUM_REMOVED_BUBBLES=0
TOTAL_NUM_REMOVED_BUBBLES=0
NUM_SPLIT_LINK (not originate from heterozygosity)=0 (COVERAGE_THRESHOLD)
scaffolding...
linking scaffolds (MIN_LINK = 3)
sorting links in contigID order...
estimating contig distances...
constructing scaffold graph
NUM_REMOVED_OVERLAP_CONTIGS=0 (CONTAINED_HETERO)
TOLERENCE_LEVEL_OF_CONTIG_OVERLAP = 2652
linking scaffolds (MIN_LINK = 3)
sorting links in contigID order...
estimating contig distances...
constructing scaffold graph
NUM_REMOVED_BUBBLES=0 (COVERAGE_THRESHOLD)
removing bubbles... (MAX_BUBBLE_IDENTITY = 0.1)
NUM_REMOVED_BUBBLES=0
TOTAL_NUM_REMOVED_BUBBLES=0
removing erroneous edges...
NUM_SPLIT_LINK (not enough mapped pairs)=0
TOTAL_SPLIT_LINK (not enough mapped pairs)=0
deleting edges from repeat contigs...
scaffolding...
linking scaffolds (MIN_LINK = 3)
sorting links in contigID order...
estimating contig distances...
constructing scaffold graph
NUM_REMOVED_BUBBLES=0 (COVERAGE_THRESHOLD)
removing bubbles... (MAX_BUBBLE_IDENTITY = 0.1)
NUM_REMOVED_BUBBLES=0
TOTAL_NUM_REMOVED_BUBBLES=0
NUM_SPLIT_LINK (not originate from heterozygosity)=0 (COVERAGE_THRESHOLD)
scaffolding...
Library1 PHYSICAL_COVERAGE=294
Library2 PHYSICAL_COVERAGE=561
SUM_SHORT_LIBRARY_PHYSICAL_COVERAGE=855
SUM_LONG_LIBRARY_PHYSICAL_COVERAGE=0
writing scaffold files...
scaffold completed!

#### PROCESS INFORMATION ####
VmPeak:           0.251 GByte
VmHWM:            0.247 GByte
